#
# A fatal error has been detected by the Java Runtime Environment:
#
#  EXCEPTION_ACCESS_VIOLATION (0xc0000005) at pc=0x0000022cd76c112d, pid=3884, tid=4956
#
# JRE version: OpenJDK Runtime Environment Corretto-11.0.23.9.1 (11.0.23+9) (build 11.0.23+9-LTS)
# Java VM: OpenJDK 64-Bit Server VM Corretto-11.0.23.9.1 (11.0.23+9-LTS, mixed mode, tiered, compressed oops, g1 gc, windows-amd64)
# Problematic frame:
# v  ~StubRoutines::get_previous_fp
#
# No core dump will be written. Minidumps are not enabled by default on client versions of Windows
#
# If you would like to submit a bug report, please visit:
#   https://github.com/corretto/corretto-11/issues/
#

---------------  S U M M A R Y ------------

Command Line: -javaagent:C:\\Users\\Степан\\.m2\\repository\\org\\jacoco\\org.jacoco.agent\\0.8.5\\org.jacoco.agent-0.8.5-runtime.jar=destfile=C:\\Users\\Степан\\IdeaProjects\\ProcesNeprerIntegraci\\target\\jacoco.exec C:\Users\4689~1\AppData\Local\Temp\surefire8482955185050458946\surefirebooter11488943917249604528.jar C:\Users\Степан\AppData\Local\Temp\surefire8482955185050458946 2024-05-17T18-02-08_292-jvmRun1 surefire4454797495325573761tmp surefire_04774008385494867772tmp

Host: Intel(R) Core(TM) i3-3220 CPU @ 3.30GHz, 4 cores, 7G,  Windows 10 , 64 bit Build 19041 (10.0.19041.3636)
Time: Fri May 17 18:02:09 2024 RTZ 2 (s 10 , 64 bit Build 19041 (10.0.19041.3636) elapsed time: 0.369562 seconds (0d 0h 0m 0s)

---------------  T H R E A D  ---------------

Current thread (0x0000022ccd748000):  JavaThread "main" [_thread_in_vm, id=4956, stack(0x000000995b700000,0x000000995b800000)]

Stack: [0x000000995b700000,0x000000995b800000],  sp=0x000000995b7ff450,  free space=1021k
Native frames: (J=compiled Java code, j=interpreted, Vv=VM code, C=native code)
C  0x0000022cd76c112d


siginfo: EXCEPTION_ACCESS_VIOLATION (0xc0000005), reading address 0x00000000000003d8


Register to memory mapping:

RIP=0x0000022cd76c112d is at begin+8 in a stub
StubRoutines::get_previous_fp [0x0000022cd76c1125, 0x0000022cd76c1132[ (13 bytes)
RAX=0x00000000000003d8 is an unknown value
RBX=0x000000995b7ff4f0 is pointing into the stack for thread: 0x0000022ccd748000
RCX=0x000000995b7ff4f0 is pointing into the stack for thread: 0x0000022ccd748000
RDX=0x0 is NULL
RSP=0x000000995b7ff450 is pointing into the stack for thread: 0x0000022ccd748000
RBP=0x000000995b7ff450 is pointing into the stack for thread: 0x0000022ccd748000
RSI=0x0 is NULL
RDI=0x0000022ccd748000 is a thread
R8 =0x000000995b7ff3c8 is pointing into the stack for thread: 0x0000022ccd748000
R9 =0x0000000000000001 is an unknown value
R10=0x0 is NULL
R11=0x000000995b7ff480 is pointing into the stack for thread: 0x0000022ccd748000
R12=0x0000022ccd748b88 points into unknown readable memory: 0x0803dc775cd3dc78 | 78 dc d3 5c 77 dc 03 08
R13=0x0000022cedeecfa8 points into unknown readable memory: 0x0000022ccd5e1cd0 | d0 1c 5e cd 2c 02 00 00
R14=0x0000022cee9dd430 points into unknown readable memory: 0x00000000889d9a18 | 18 9a 9d 88 00 00 00 00
R15=0x0000022ccd7487b0 points into unknown readable memory: 0x0072006f006d0020 | 20 00 6d 00 6f 00 72 00


Registers:
RAX=0x00000000000003d8, RBX=0x000000995b7ff4f0, RCX=0x000000995b7ff4f0, RDX=0x0000000000000000
RSP=0x000000995b7ff450, RBP=0x000000995b7ff450, RSI=0x0000000000000000, RDI=0x0000022ccd748000
R8 =0x000000995b7ff3c8, R9 =0x0000000000000001, R10=0x0000000000000000, R11=0x000000995b7ff480
R12=0x0000022ccd748b88, R13=0x0000022cedeecfa8, R14=0x0000022cee9dd430, R15=0x0000022ccd7487b0
RIP=0x0000022cd76c112d, EFLAGS=0x0000000000010202

Top of Stack: (sp=0x000000995b7ff450)
0x000000995b7ff450:   00000000000003d8 00007ffeb3405726
0x000000995b7ff460:   00000000000000af 000000995b7ff550
0x000000995b7ff470:   00007ffef6f482d0 00007ffefd50b3e4
0x000000995b7ff480:   0000022ccd7487a0 00007ffeb2e8236c
0x000000995b7ff490:   0000022ccd748000 0000022ccd5de1a0
0x000000995b7ff4a0:   00000000000007d0 0000000000007fd8
0x000000995b7ff4b0:   0000022ccd748000 00007ffeb35596f1
0x000000995b7ff4c0:   0000022ccd5de1a0 0000022ccd7487a0
0x000000995b7ff4d0:   0000022ccd7487a0 0000022cede9c858
0x000000995b7ff4e0:   0000022ccd72caf8 00007ffef6f4148c
0x000000995b7ff4f0:   0000000000000000 0000000000000024
0x000000995b7ff500:   00007ffef6f482d0 000000995b7ff550
0x000000995b7ff510:   00007ffefd5df540 0000000000000000
0x000000995b7ff520:   0000e9b9aff90a9d 00007ffef6f47ae0
0x000000995b7ff530:   0000022ccd748000 00007ffeb3407e70
0x000000995b7ff540:   0000022ccd748350 00007ffef6f482d0 

Instructions: (pc=0x0000022cd76c112d)
0x0000022cd76c102d:   84 83 00 00 00 83 fa 07 0f 84 80 00 00 00 89 01
0x0000022cd76c103d:   48 8d a5 28 fe ff ff c5 fa 6f 75 b8 c5 fa 6f 7d
0x0000022cd76c104d:   a8 c5 7a 6f 45 98 c5 7a 6f 4d 88 c5 7a 6f 95 78
0x0000022cd76c105d:   ff ff ff c5 7a 6f 9d 68 ff ff ff c5 7a 6f a5 58
0x0000022cd76c106d:   ff ff ff c5 7a 6f ad 48 ff ff ff c5 7a 6f b5 38
0x0000022cd76c107d:   ff ff ff c5 7a 6f bd 28 ff ff ff 4c 8b 7d c8 4c
0x0000022cd76c108d:   8b 75 d0 4c 8b 6d d8 4c 8b 65 e0 48 8b 5d f8 48
0x0000022cd76c109d:   8b 7d e8 48 8b 75 f0 48 81 c4 d8 01 00 00 c5 f8
0x0000022cd76c10ad:   77 5d c3 48 89 01 eb 88 c5 fa 11 01 eb 82 c5 fb
0x0000022cd76c10bd:   11 01 e9 79 ff ff ff 49 89 47 08 49 ba e0 53 70
0x0000022cd76c10cd:   b3 fe 7f 00 00 4d 89 57 10 41 c7 47 18 da 01 00
0x0000022cd76c10dd:   00 e9 2d ff ff ff 8b c1 87 02 c3 48 8b c1 48 87
0x0000022cd76c10ed:   02 c3 41 8b c0 f0 0f b1 0a c3 49 0f be c0 f0 0f
0x0000022cd76c10fd:   b0 0a c3 49 8b c0 f0 48 0f b1 0a c3 8b c1 f0 0f
0x0000022cd76c110d:   c1 0a 03 c1 c3 48 8b c1 f0 48 0f c1 0a 48 03 c1
0x0000022cd76c111d:   c3 f0 83 44 24 c0 00 c3 55 48 8b ec 48 8b 45 00
0x0000022cd76c112d:   48 8b 00 5d c3 48 8b c4 48 83 c0 08 c3 c3 0f 1f
0x0000022cd76c113d:   44 00 00 55 48 8b ec 49 b9 30 15 86 b3 fe 7f 00
0x0000022cd76c114d:   00 f7 d1 41 83 f8 10 0f 8c 38 02 00 00 44 8b da
0x0000022cd76c115d:   41 83 e3 0f 74 23 41 83 eb 10 45 03 c3 66 90 0f
0x0000022cd76c116d:   be 02 33 c1 81 e0 ff 00 00 00 c1 e9 08 41 33 0c
0x0000022cd76c117d:   81 48 ff c2 41 ff c3 7c e6 45 8b d8 41 c1 e8 04
0x0000022cd76c118d:   0f 84 fc 01 00 00 c5 f9 6f 0a c5 f9 7e c8 33 c8
0x0000022cd76c119d:   c4 e3 71 22 c9 00 48 83 c2 10 41 83 e8 04 0f 8c
0x0000022cd76c11ad:   d7 00 00 00 c5 f9 6f 12 c5 f9 6f 5a 10 c5 f9 6f
0x0000022cd76c11bd:   62 20 48 83 c2 30 41 83 e8 03 0f 8e 70 00 00 00
0x0000022cd76c11cd:   49 ba 20 15 86 b3 fe 7f 00 00 c4 c1 7a 6f 02 0f
0x0000022cd76c11dd:   1f 40 00 c4 e3 79 44 e9 11 c4 e3 79 44 c9 00 c5
0x0000022cd76c11ed:   f1 ef 0a c5 f1 ef cd c4 e3 79 44 ea 11 c4 e3 79
0x0000022cd76c11fd:   44 d2 00 c5 e9 ef 52 10 c5 e9 ef d5 c4 e3 79 44
0x0000022cd76c120d:   eb 11 c4 e3 79 44 db 00 c5 e1 ef 5a 20 c5 e1 ef
0x0000022cd76c121d:   dd c4 e3 79 44 ec 11 c4 e3 79 44 e4 00 c5 d9 ef 


Stack slot to memory mapping:
stack at sp + 0 slots: 0x00000000000003d8 is an unknown value
stack at sp + 1 slots: 0x00007ffeb3405726 jvm.dll
stack at sp + 2 slots: 0x00000000000000af is an unknown value
stack at sp + 3 slots: 0x000000995b7ff550 is pointing into the stack for thread: 0x0000022ccd748000
stack at sp + 4 slots: 0x00007ffef6f482d0 instrument.dll
stack at sp + 5 slots: 0x00007ffefd50b3e4 ucrtbase.dll
stack at sp + 6 slots: 0x0000022ccd7487a0 points into unknown readable memory: 0x0000022cee9dd420 | 20 d4 9d ee 2c 02 00 00
stack at sp + 7 slots: 0x00007ffeb2e8236c jvm.dll

StubRoutines::get_previous_fp [0x0000022cd76c1125, 0x0000022cd76c1132[ (13 bytes)
---------------  P R O C E S S  ---------------

Threads class SMR info:
_java_thread_list=0x0000022cee9631d0, length=10, elements={
0x0000022ccd748000, 0x0000022cedee0800, 0x0000022cedeea800, 0x0000022cedefd800,
0x0000022cedefe000, 0x0000022cedeff800, 0x0000022cedf03800, 0x0000022cedf0b000,
0x0000022cedf0d800, 0x0000022cee9e5800
}

Java Threads: ( => current thread )
=>0x0000022ccd748000 JavaThread "main" [_thread_in_vm, id=4956, stack(0x000000995b700000,0x000000995b800000)]
  0x0000022cedee0800 JavaThread "Reference Handler" daemon [_thread_blocked, id=3436, stack(0x000000995be00000,0x000000995bf00000)]
  0x0000022cedeea800 JavaThread "Finalizer" daemon [_thread_blocked, id=7156, stack(0x000000995bf00000,0x000000995c000000)]
  0x0000022cedefd800 JavaThread "Signal Dispatcher" daemon [_thread_blocked, id=3008, stack(0x000000995c000000,0x000000995c100000)]
  0x0000022cedefe000 JavaThread "Attach Listener" daemon [_thread_blocked, id=384, stack(0x000000995c100000,0x000000995c200000)]
  0x0000022cedeff800 JavaThread "Service Thread" daemon [_thread_blocked, id=9272, stack(0x000000995c200000,0x000000995c300000)]
  0x0000022cedf03800 JavaThread "C2 CompilerThread0" daemon [_thread_blocked, id=4116, stack(0x000000995c300000,0x000000995c400000)]
  0x0000022cedf0b000 JavaThread "C1 CompilerThread0" daemon [_thread_blocked, id=5544, stack(0x000000995c400000,0x000000995c500000)]
  0x0000022cedf0d800 JavaThread "Sweeper thread" daemon [_thread_blocked, id=5652, stack(0x000000995c500000,0x000000995c600000)]
  0x0000022cee9e5800 JavaThread "Common-Cleaner" daemon [_thread_blocked, id=9728, stack(0x000000995c600000,0x000000995c700000)]

Other Threads:
  0x0000022cedeba800 VMThread "VM Thread" [stack: 0x000000995bd00000,0x000000995be00000] [id=416]
  0x0000022ccd760800 GCTaskThread "GC Thread#0" [stack: 0x000000995b800000,0x000000995b900000] [id=7364]
  0x0000022ccd78f800 ConcurrentGCThread "G1 Main Marker" [stack: 0x000000995b900000,0x000000995ba00000] [id=3912]
  0x0000022ccd791800 ConcurrentGCThread "G1 Conc#0" [stack: 0x000000995ba00000,0x000000995bb00000] [id=4948]
  0x0000022cedd30800 ConcurrentGCThread "G1 Refine#0" [stack: 0x000000995bb00000,0x000000995bc00000] [id=11036]
  0x0000022ccd811800 ConcurrentGCThread "G1 Young RemSet Sampling" [stack: 0x000000995bc00000,0x000000995bd00000] [id=6412]

Threads with active compile tasks:

VM state:not at safepoint (normal execution)

VM Mutex/Monitor currently owned by a thread: None

Heap address: 0x0000000080c00000, size: 2036 MB, Compressed Oops mode: 32-bit
Narrow klass base: 0x0000000000000000, Narrow klass shift: 3
Compressed class space size: 1073741824 Address: 0x0000000100000000

Heap:
 garbage-first heap   total 131072K, used 2048K [0x0000000080c00000, 0x0000000100000000)
  region size 1024K, 3 young (3072K), 0 survivors (0K)
 Metaspace       used 6700K, capacity 6850K, committed 7168K, reserved 1056768K
  class space    used 582K, capacity 643K, committed 768K, reserved 1048576K
Heap Regions: E=young(eden), S=young(survivor), O=old, HS=humongous(starts), HC=humongous(continues), CS=collection set, F=free, A=archive, TAMS=top-at-mark-start (previous, next)
|   0|0x0000000080c00000, 0x0000000080c00000, 0x0000000080d00000|  0%| F|  |TAMS 0x0000000080c00000, 0x0000000080c00000| Untracked 
|   1|0x0000000080d00000, 0x0000000080d00000, 0x0000000080e00000|  0%| F|  |TAMS 0x0000000080d00000, 0x0000000080d00000| Untracked 
|   2|0x0000000080e00000, 0x0000000080e00000, 0x0000000080f00000|  0%| F|  |TAMS 0x0000000080e00000, 0x0000000080e00000| Untracked 
|   3|0x0000000080f00000, 0x0000000080f00000, 0x0000000081000000|  0%| F|  |TAMS 0x0000000080f00000, 0x0000000080f00000| Untracked 
|   4|0x0000000081000000, 0x0000000081000000, 0x0000000081100000|  0%| F|  |TAMS 0x0000000081000000, 0x0000000081000000| Untracked 
|   5|0x0000000081100000, 0x0000000081100000, 0x0000000081200000|  0%| F|  |TAMS 0x0000000081100000, 0x0000000081100000| Untracked 
|   6|0x0000000081200000, 0x0000000081200000, 0x0000000081300000|  0%| F|  |TAMS 0x0000000081200000, 0x0000000081200000| Untracked 
|   7|0x0000000081300000, 0x0000000081300000, 0x0000000081400000|  0%| F|  |TAMS 0x0000000081300000, 0x0000000081300000| Untracked 
|   8|0x0000000081400000, 0x0000000081400000, 0x0000000081500000|  0%| F|  |TAMS 0x0000000081400000, 0x0000000081400000| Untracked 
|   9|0x0000000081500000, 0x0000000081500000, 0x0000000081600000|  0%| F|  |TAMS 0x0000000081500000, 0x0000000081500000| Untracked 
|  10|0x0000000081600000, 0x0000000081600000, 0x0000000081700000|  0%| F|  |TAMS 0x0000000081600000, 0x0000000081600000| Untracked 
|  11|0x0000000081700000, 0x0000000081700000, 0x0000000081800000|  0%| F|  |TAMS 0x0000000081700000, 0x0000000081700000| Untracked 
|  12|0x0000000081800000, 0x0000000081800000, 0x0000000081900000|  0%| F|  |TAMS 0x0000000081800000, 0x0000000081800000| Untracked 
|  13|0x0000000081900000, 0x0000000081900000, 0x0000000081a00000|  0%| F|  |TAMS 0x0000000081900000, 0x0000000081900000| Untracked 
|  14|0x0000000081a00000, 0x0000000081a00000, 0x0000000081b00000|  0%| F|  |TAMS 0x0000000081a00000, 0x0000000081a00000| Untracked 
|  15|0x0000000081b00000, 0x0000000081b00000, 0x0000000081c00000|  0%| F|  |TAMS 0x0000000081b00000, 0x0000000081b00000| Untracked 
|  16|0x0000000081c00000, 0x0000000081c00000, 0x0000000081d00000|  0%| F|  |TAMS 0x0000000081c00000, 0x0000000081c00000| Untracked 
|  17|0x0000000081d00000, 0x0000000081d00000, 0x0000000081e00000|  0%| F|  |TAMS 0x0000000081d00000, 0x0000000081d00000| Untracked 
|  18|0x0000000081e00000, 0x0000000081e00000, 0x0000000081f00000|  0%| F|  |TAMS 0x0000000081e00000, 0x0000000081e00000| Untracked 
|  19|0x0000000081f00000, 0x0000000081f00000, 0x0000000082000000|  0%| F|  |TAMS 0x0000000081f00000, 0x0000000081f00000| Untracked 
|  20|0x0000000082000000, 0x0000000082000000, 0x0000000082100000|  0%| F|  |TAMS 0x0000000082000000, 0x0000000082000000| Untracked 
|  21|0x0000000082100000, 0x0000000082100000, 0x0000000082200000|  0%| F|  |TAMS 0x0000000082100000, 0x0000000082100000| Untracked 
|  22|0x0000000082200000, 0x0000000082200000, 0x0000000082300000|  0%| F|  |TAMS 0x0000000082200000, 0x0000000082200000| Untracked 
|  23|0x0000000082300000, 0x0000000082300000, 0x0000000082400000|  0%| F|  |TAMS 0x0000000082300000, 0x0000000082300000| Untracked 
|  24|0x0000000082400000, 0x0000000082400000, 0x0000000082500000|  0%| F|  |TAMS 0x0000000082400000, 0x0000000082400000| Untracked 
|  25|0x0000000082500000, 0x0000000082500000, 0x0000000082600000|  0%| F|  |TAMS 0x0000000082500000, 0x0000000082500000| Untracked 
|  26|0x0000000082600000, 0x0000000082600000, 0x0000000082700000|  0%| F|  |TAMS 0x0000000082600000, 0x0000000082600000| Untracked 
|  27|0x0000000082700000, 0x0000000082700000, 0x0000000082800000|  0%| F|  |TAMS 0x0000000082700000, 0x0000000082700000| Untracked 
|  28|0x0000000082800000, 0x0000000082800000, 0x0000000082900000|  0%| F|  |TAMS 0x0000000082800000, 0x0000000082800000| Untracked 
|  29|0x0000000082900000, 0x0000000082900000, 0x0000000082a00000|  0%| F|  |TAMS 0x0000000082900000, 0x0000000082900000| Untracked 
|  30|0x0000000082a00000, 0x0000000082a00000, 0x0000000082b00000|  0%| F|  |TAMS 0x0000000082a00000, 0x0000000082a00000| Untracked 
|  31|0x0000000082b00000, 0x0000000082b00000, 0x0000000082c00000|  0%| F|  |TAMS 0x0000000082b00000, 0x0000000082b00000| Untracked 
|  32|0x0000000082c00000, 0x0000000082c00000, 0x0000000082d00000|  0%| F|  |TAMS 0x0000000082c00000, 0x0000000082c00000| Untracked 
|  33|0x0000000082d00000, 0x0000000082d00000, 0x0000000082e00000|  0%| F|  |TAMS 0x0000000082d00000, 0x0000000082d00000| Untracked 
|  34|0x0000000082e00000, 0x0000000082e00000, 0x0000000082f00000|  0%| F|  |TAMS 0x0000000082e00000, 0x0000000082e00000| Untracked 
|  35|0x0000000082f00000, 0x0000000082f00000, 0x0000000083000000|  0%| F|  |TAMS 0x0000000082f00000, 0x0000000082f00000| Untracked 
|  36|0x0000000083000000, 0x0000000083000000, 0x0000000083100000|  0%| F|  |TAMS 0x0000000083000000, 0x0000000083000000| Untracked 
|  37|0x0000000083100000, 0x0000000083100000, 0x0000000083200000|  0%| F|  |TAMS 0x0000000083100000, 0x0000000083100000| Untracked 
|  38|0x0000000083200000, 0x0000000083200000, 0x0000000083300000|  0%| F|  |TAMS 0x0000000083200000, 0x0000000083200000| Untracked 
|  39|0x0000000083300000, 0x0000000083300000, 0x0000000083400000|  0%| F|  |TAMS 0x0000000083300000, 0x0000000083300000| Untracked 
|  40|0x0000000083400000, 0x0000000083400000, 0x0000000083500000|  0%| F|  |TAMS 0x0000000083400000, 0x0000000083400000| Untracked 
|  41|0x0000000083500000, 0x0000000083500000, 0x0000000083600000|  0%| F|  |TAMS 0x0000000083500000, 0x0000000083500000| Untracked 
|  42|0x0000000083600000, 0x0000000083600000, 0x0000000083700000|  0%| F|  |TAMS 0x0000000083600000, 0x0000000083600000| Untracked 
|  43|0x0000000083700000, 0x0000000083700000, 0x0000000083800000|  0%| F|  |TAMS 0x0000000083700000, 0x0000000083700000| Untracked 
|  44|0x0000000083800000, 0x0000000083800000, 0x0000000083900000|  0%| F|  |TAMS 0x0000000083800000, 0x0000000083800000| Untracked 
|  45|0x0000000083900000, 0x0000000083900000, 0x0000000083a00000|  0%| F|  |TAMS 0x0000000083900000, 0x0000000083900000| Untracked 
|  46|0x0000000083a00000, 0x0000000083a00000, 0x0000000083b00000|  0%| F|  |TAMS 0x0000000083a00000, 0x0000000083a00000| Untracked 
|  47|0x0000000083b00000, 0x0000000083b00000, 0x0000000083c00000|  0%| F|  |TAMS 0x0000000083b00000, 0x0000000083b00000| Untracked 
|  48|0x0000000083c00000, 0x0000000083c00000, 0x0000000083d00000|  0%| F|  |TAMS 0x0000000083c00000, 0x0000000083c00000| Untracked 
|  49|0x0000000083d00000, 0x0000000083d00000, 0x0000000083e00000|  0%| F|  |TAMS 0x0000000083d00000, 0x0000000083d00000| Untracked 
|  50|0x0000000083e00000, 0x0000000083e00000, 0x0000000083f00000|  0%| F|  |TAMS 0x0000000083e00000, 0x0000000083e00000| Untracked 
|  51|0x0000000083f00000, 0x0000000083f00000, 0x0000000084000000|  0%| F|  |TAMS 0x0000000083f00000, 0x0000000083f00000| Untracked 
|  52|0x0000000084000000, 0x0000000084000000, 0x0000000084100000|  0%| F|  |TAMS 0x0000000084000000, 0x0000000084000000| Untracked 
|  53|0x0000000084100000, 0x0000000084100000, 0x0000000084200000|  0%| F|  |TAMS 0x0000000084100000, 0x0000000084100000| Untracked 
|  54|0x0000000084200000, 0x0000000084200000, 0x0000000084300000|  0%| F|  |TAMS 0x0000000084200000, 0x0000000084200000| Untracked 
|  55|0x0000000084300000, 0x0000000084300000, 0x0000000084400000|  0%| F|  |TAMS 0x0000000084300000, 0x0000000084300000| Untracked 
|  56|0x0000000084400000, 0x0000000084400000, 0x0000000084500000|  0%| F|  |TAMS 0x0000000084400000, 0x0000000084400000| Untracked 
|  57|0x0000000084500000, 0x0000000084500000, 0x0000000084600000|  0%| F|  |TAMS 0x0000000084500000, 0x0000000084500000| Untracked 
|  58|0x0000000084600000, 0x0000000084600000, 0x0000000084700000|  0%| F|  |TAMS 0x0000000084600000, 0x0000000084600000| Untracked 
|  59|0x0000000084700000, 0x0000000084700000, 0x0000000084800000|  0%| F|  |TAMS 0x0000000084700000, 0x0000000084700000| Untracked 
|  60|0x0000000084800000, 0x0000000084800000, 0x0000000084900000|  0%| F|  |TAMS 0x0000000084800000, 0x0000000084800000| Untracked 
|  61|0x0000000084900000, 0x0000000084900000, 0x0000000084a00000|  0%| F|  |TAMS 0x0000000084900000, 0x0000000084900000| Untracked 
|  62|0x0000000084a00000, 0x0000000084a00000, 0x0000000084b00000|  0%| F|  |TAMS 0x0000000084a00000, 0x0000000084a00000| Untracked 
|  63|0x0000000084b00000, 0x0000000084b00000, 0x0000000084c00000|  0%| F|  |TAMS 0x0000000084b00000, 0x0000000084b00000| Untracked 
|  64|0x0000000084c00000, 0x0000000084c00000, 0x0000000084d00000|  0%| F|  |TAMS 0x0000000084c00000, 0x0000000084c00000| Untracked 
|  65|0x0000000084d00000, 0x0000000084d00000, 0x0000000084e00000|  0%| F|  |TAMS 0x0000000084d00000, 0x0000000084d00000| Untracked 
|  66|0x0000000084e00000, 0x0000000084e00000, 0x0000000084f00000|  0%| F|  |TAMS 0x0000000084e00000, 0x0000000084e00000| Untracked 
|  67|0x0000000084f00000, 0x0000000084f00000, 0x0000000085000000|  0%| F|  |TAMS 0x0000000084f00000, 0x0000000084f00000| Untracked 
|  68|0x0000000085000000, 0x0000000085000000, 0x0000000085100000|  0%| F|  |TAMS 0x0000000085000000, 0x0000000085000000| Untracked 
|  69|0x0000000085100000, 0x0000000085100000, 0x0000000085200000|  0%| F|  |TAMS 0x0000000085100000, 0x0000000085100000| Untracked 
|  70|0x0000000085200000, 0x0000000085200000, 0x0000000085300000|  0%| F|  |TAMS 0x0000000085200000, 0x0000000085200000| Untracked 
|  71|0x0000000085300000, 0x0000000085300000, 0x0000000085400000|  0%| F|  |TAMS 0x0000000085300000, 0x0000000085300000| Untracked 
|  72|0x0000000085400000, 0x0000000085400000, 0x0000000085500000|  0%| F|  |TAMS 0x0000000085400000, 0x0000000085400000| Untracked 
|  73|0x0000000085500000, 0x0000000085500000, 0x0000000085600000|  0%| F|  |TAMS 0x0000000085500000, 0x0000000085500000| Untracked 
|  74|0x0000000085600000, 0x0000000085600000, 0x0000000085700000|  0%| F|  |TAMS 0x0000000085600000, 0x0000000085600000| Untracked 
|  75|0x0000000085700000, 0x0000000085700000, 0x0000000085800000|  0%| F|  |TAMS 0x0000000085700000, 0x0000000085700000| Untracked 
|  76|0x0000000085800000, 0x0000000085800000, 0x0000000085900000|  0%| F|  |TAMS 0x0000000085800000, 0x0000000085800000| Untracked 
|  77|0x0000000085900000, 0x0000000085900000, 0x0000000085a00000|  0%| F|  |TAMS 0x0000000085900000, 0x0000000085900000| Untracked 
|  78|0x0000000085a00000, 0x0000000085a00000, 0x0000000085b00000|  0%| F|  |TAMS 0x0000000085a00000, 0x0000000085a00000| Untracked 
|  79|0x0000000085b00000, 0x0000000085b00000, 0x0000000085c00000|  0%| F|  |TAMS 0x0000000085b00000, 0x0000000085b00000| Untracked 
|  80|0x0000000085c00000, 0x0000000085c00000, 0x0000000085d00000|  0%| F|  |TAMS 0x0000000085c00000, 0x0000000085c00000| Untracked 
|  81|0x0000000085d00000, 0x0000000085d00000, 0x0000000085e00000|  0%| F|  |TAMS 0x0000000085d00000, 0x0000000085d00000| Untracked 
|  82|0x0000000085e00000, 0x0000000085e00000, 0x0000000085f00000|  0%| F|  |TAMS 0x0000000085e00000, 0x0000000085e00000| Untracked 
|  83|0x0000000085f00000, 0x0000000085f00000, 0x0000000086000000|  0%| F|  |TAMS 0x0000000085f00000, 0x0000000085f00000| Untracked 
|  84|0x0000000086000000, 0x0000000086000000, 0x0000000086100000|  0%| F|  |TAMS 0x0000000086000000, 0x0000000086000000| Untracked 
|  85|0x0000000086100000, 0x0000000086100000, 0x0000000086200000|  0%| F|  |TAMS 0x0000000086100000, 0x0000000086100000| Untracked 
|  86|0x0000000086200000, 0x0000000086200000, 0x0000000086300000|  0%| F|  |TAMS 0x0000000086200000, 0x0000000086200000| Untracked 
|  87|0x0000000086300000, 0x0000000086300000, 0x0000000086400000|  0%| F|  |TAMS 0x0000000086300000, 0x0000000086300000| Untracked 
|  88|0x0000000086400000, 0x0000000086400000, 0x0000000086500000|  0%| F|  |TAMS 0x0000000086400000, 0x0000000086400000| Untracked 
|  89|0x0000000086500000, 0x0000000086500000, 0x0000000086600000|  0%| F|  |TAMS 0x0000000086500000, 0x0000000086500000| Untracked 
|  90|0x0000000086600000, 0x0000000086600000, 0x0000000086700000|  0%| F|  |TAMS 0x0000000086600000, 0x0000000086600000| Untracked 
|  91|0x0000000086700000, 0x0000000086700000, 0x0000000086800000|  0%| F|  |TAMS 0x0000000086700000, 0x0000000086700000| Untracked 
|  92|0x0000000086800000, 0x0000000086800000, 0x0000000086900000|  0%| F|  |TAMS 0x0000000086800000, 0x0000000086800000| Untracked 
|  93|0x0000000086900000, 0x0000000086900000, 0x0000000086a00000|  0%| F|  |TAMS 0x0000000086900000, 0x0000000086900000| Untracked 
|  94|0x0000000086a00000, 0x0000000086a00000, 0x0000000086b00000|  0%| F|  |TAMS 0x0000000086a00000, 0x0000000086a00000| Untracked 
|  95|0x0000000086b00000, 0x0000000086b00000, 0x0000000086c00000|  0%| F|  |TAMS 0x0000000086b00000, 0x0000000086b00000| Untracked 
|  96|0x0000000086c00000, 0x0000000086c00000, 0x0000000086d00000|  0%| F|  |TAMS 0x0000000086c00000, 0x0000000086c00000| Untracked 
|  97|0x0000000086d00000, 0x0000000086d00000, 0x0000000086e00000|  0%| F|  |TAMS 0x0000000086d00000, 0x0000000086d00000| Untracked 
|  98|0x0000000086e00000, 0x0000000086e00000, 0x0000000086f00000|  0%| F|  |TAMS 0x0000000086e00000, 0x0000000086e00000| Untracked 
|  99|0x0000000086f00000, 0x0000000086f00000, 0x0000000087000000|  0%| F|  |TAMS 0x0000000086f00000, 0x0000000086f00000| Untracked 
| 100|0x0000000087000000, 0x0000000087000000, 0x0000000087100000|  0%| F|  |TAMS 0x0000000087000000, 0x0000000087000000| Untracked 
| 101|0x0000000087100000, 0x0000000087100000, 0x0000000087200000|  0%| F|  |TAMS 0x0000000087100000, 0x0000000087100000| Untracked 
| 102|0x0000000087200000, 0x0000000087200000, 0x0000000087300000|  0%| F|  |TAMS 0x0000000087200000, 0x0000000087200000| Untracked 
| 103|0x0000000087300000, 0x0000000087300000, 0x0000000087400000|  0%| F|  |TAMS 0x0000000087300000, 0x0000000087300000| Untracked 
| 104|0x0000000087400000, 0x0000000087400000, 0x0000000087500000|  0%| F|  |TAMS 0x0000000087400000, 0x0000000087400000| Untracked 
| 105|0x0000000087500000, 0x0000000087500000, 0x0000000087600000|  0%| F|  |TAMS 0x0000000087500000, 0x0000000087500000| Untracked 
| 106|0x0000000087600000, 0x0000000087600000, 0x0000000087700000|  0%| F|  |TAMS 0x0000000087600000, 0x0000000087600000| Untracked 
| 107|0x0000000087700000, 0x0000000087700000, 0x0000000087800000|  0%| F|  |TAMS 0x0000000087700000, 0x0000000087700000| Untracked 
| 108|0x0000000087800000, 0x0000000087800000, 0x0000000087900000|  0%| F|  |TAMS 0x0000000087800000, 0x0000000087800000| Untracked 
| 109|0x0000000087900000, 0x0000000087900000, 0x0000000087a00000|  0%| F|  |TAMS 0x0000000087900000, 0x0000000087900000| Untracked 
| 110|0x0000000087a00000, 0x0000000087a00000, 0x0000000087b00000|  0%| F|  |TAMS 0x0000000087a00000, 0x0000000087a00000| Untracked 
| 111|0x0000000087b00000, 0x0000000087b00000, 0x0000000087c00000|  0%| F|  |TAMS 0x0000000087b00000, 0x0000000087b00000| Untracked 
| 112|0x0000000087c00000, 0x0000000087c00000, 0x0000000087d00000|  0%| F|  |TAMS 0x0000000087c00000, 0x0000000087c00000| Untracked 
| 113|0x0000000087d00000, 0x0000000087d00000, 0x0000000087e00000|  0%| F|  |TAMS 0x0000000087d00000, 0x0000000087d00000| Untracked 
| 114|0x0000000087e00000, 0x0000000087e00000, 0x0000000087f00000|  0%| F|  |TAMS 0x0000000087e00000, 0x0000000087e00000| Untracked 
| 115|0x0000000087f00000, 0x0000000087f00000, 0x0000000088000000|  0%| F|  |TAMS 0x0000000087f00000, 0x0000000087f00000| Untracked 
| 116|0x0000000088000000, 0x0000000088000000, 0x0000000088100000|  0%| F|  |TAMS 0x0000000088000000, 0x0000000088000000| Untracked 
| 117|0x0000000088100000, 0x0000000088100000, 0x0000000088200000|  0%| F|  |TAMS 0x0000000088100000, 0x0000000088100000| Untracked 
| 118|0x0000000088200000, 0x0000000088200000, 0x0000000088300000|  0%| F|  |TAMS 0x0000000088200000, 0x0000000088200000| Untracked 
| 119|0x0000000088300000, 0x0000000088300000, 0x0000000088400000|  0%| F|  |TAMS 0x0000000088300000, 0x0000000088300000| Untracked 
| 120|0x0000000088400000, 0x0000000088400000, 0x0000000088500000|  0%| F|  |TAMS 0x0000000088400000, 0x0000000088400000| Untracked 
| 121|0x0000000088500000, 0x0000000088500000, 0x0000000088600000|  0%| F|  |TAMS 0x0000000088500000, 0x0000000088500000| Untracked 
| 122|0x0000000088600000, 0x0000000088600000, 0x0000000088700000|  0%| F|  |TAMS 0x0000000088600000, 0x0000000088600000| Untracked 
| 123|0x0000000088700000, 0x0000000088700000, 0x0000000088800000|  0%| F|  |TAMS 0x0000000088700000, 0x0000000088700000| Untracked 
| 124|0x0000000088800000, 0x0000000088800000, 0x0000000088900000|  0%| F|  |TAMS 0x0000000088800000, 0x0000000088800000| Untracked 
| 125|0x0000000088900000, 0x00000000889dca50, 0x0000000088a00000| 86%| E|  |TAMS 0x0000000088900000, 0x0000000088900000| Complete 
| 126|0x0000000088a00000, 0x0000000088b00000, 0x0000000088b00000|100%| E|CS|TAMS 0x0000000088a00000, 0x0000000088a00000| Complete 
| 127|0x0000000088b00000, 0x0000000088c00000, 0x0000000088c00000|100%| E|CS|TAMS 0x0000000088b00000, 0x0000000088b00000| Complete 

Card table byte_map: [0x0000022ce70f0000,0x0000022ce74f0000] _byte_map_base: 0x0000022ce6cea000

Marking Bits (Prev, Next): (CMBitMap*) 0x0000022ccd786958, (CMBitMap*) 0x0000022ccd786990
 Prev Bits: [0x0000022ce78f0000, 0x0000022ce98c0000)
 Next Bits: [0x0000022ce98c0000, 0x0000022ceb890000)

Polling page: 0x0000022ccd820000

Metaspace:

Usage:
  Non-class:      6.06 MB capacity,     5.98 MB ( 99%) used,    83.94 KB (  1%) free+waste,     4.50 KB ( <1%) overhead. 
      Class:    643.00 KB capacity,   582.12 KB ( 91%) used,    58.70 KB (  9%) free+waste,     2.19 KB ( <1%) overhead. 
       Both:      6.69 MB capacity,     6.54 MB ( 98%) used,   142.63 KB (  2%) free+waste,     6.69 KB ( <1%) overhead. 

Virtual space:
  Non-class space:        8.00 MB reserved,       6.25 MB ( 78%) committed 
      Class space:        1.00 GB reserved,     768.00 KB ( <1%) committed 
             Both:        1.01 GB reserved,       7.00 MB ( <1%) committed 

Chunk freelists:
   Non-Class:  1.00 KB
       Class:  29.00 KB
        Both:  30.00 KB

MaxMetaspaceSize: 17179869184.00 GB
CompressedClassSpaceSize: 1.00 GB
Initial GC threshold: 20.80 MB
Current GC threshold: 20.80 MB
CDS: off

CodeHeap 'non-profiled nmethods': size=120064Kb used=101Kb max_used=101Kb free=119963Kb
 bounds [0x0000022cdf180000, 0x0000022cdf3f0000, 0x0000022ce66c0000]
CodeHeap 'profiled nmethods': size=120000Kb used=385Kb max_used=385Kb free=119614Kb
 bounds [0x0000022cd7c50000, 0x0000022cd7ec0000, 0x0000022cdf180000]
CodeHeap 'non-nmethods': size=5696Kb used=1098Kb max_used=1108Kb free=4597Kb
 bounds [0x0000022cd76c0000, 0x0000022cd7930000, 0x0000022cd7c50000]
 total_blobs=672 nmethods=329 adapters=256
 compilation: enabled
              stopped_count=0, restarted_count=0
 full_count=0

Compilation events (20 events):
Event: 0.342 Thread 0x0000022cedf0b000  315       3       java.lang.invoke.MethodType$ConcurrentWeakInternSet$WeakEntry::<init> (14 bytes)
Event: 0.342 Thread 0x0000022cedf0b000 nmethod 315 0x0000022cd7cac910 code [0x0000022cd7cacb00, 0x0000022cd7cacf28]
Event: 0.342 Thread 0x0000022cedf0b000  321   !   3       jdk.internal.loader.URLClassPath$JarLoader::getResource (65 bytes)
Event: 0.343 Thread 0x0000022cedf0b000 nmethod 321 0x0000022cd7cad090 code [0x0000022cd7cad360, 0x0000022cd7cae1c8]
Event: 0.346 Thread 0x0000022cedf0b000  322       3       sun.nio.cs.SingleByte$Encoder::encode (32 bytes)
Event: 0.346 Thread 0x0000022cedf0b000 nmethod 322 0x0000022cd7cae710 code [0x0000022cd7cae8c0, 0x0000022cd7caea78]
Event: 0.346 Thread 0x0000022cedf0b000  323       3       java.util.Collections$UnmodifiableCollection$1::next (10 bytes)
Event: 0.346 Thread 0x0000022cedf0b000 nmethod 323 0x0000022cd7caeb90 code [0x0000022cd7caed40, 0x0000022cd7caef08]
Event: 0.346 Thread 0x0000022cedf0b000  324       1       java.nio.Buffer::position (5 bytes)
Event: 0.346 Thread 0x0000022cedf0b000 nmethod 324 0x0000022cdf198e10 code [0x0000022cdf198fc0, 0x0000022cdf199078]
Event: 0.346 Thread 0x0000022cedf0b000  325       1       java.nio.Buffer::limit (5 bytes)
Event: 0.346 Thread 0x0000022cedf0b000 nmethod 325 0x0000022cdf199110 code [0x0000022cdf1992c0, 0x0000022cdf199378]
Event: 0.348 Thread 0x0000022cedf0b000  326       3       java.nio.Buffer::position (52 bytes)
Event: 0.348 Thread 0x0000022cedf0b000 nmethod 326 0x0000022cd7caf010 code [0x0000022cd7caf1e0, 0x0000022cd7caf448]
Event: 0.348 Thread 0x0000022cedf0b000  327       3       java.lang.StringUTF16::compress (59 bytes)
Event: 0.349 Thread 0x0000022cedf0b000 nmethod 327 0x0000022cd7caf510 code [0x0000022cd7caf6e0, 0x0000022cd7cafa28]
Event: 0.349 Thread 0x0000022cedf0b000  328       3       java.nio.ByteBuffer::arrayOffset (35 bytes)
Event: 0.349 Thread 0x0000022cedf0b000 nmethod 328 0x0000022cd7cafc10 code [0x0000022cd7cafde0, 0x0000022cd7cb0058]
Event: 0.349 Thread 0x0000022cedf0b000  329       3       java.nio.CharBuffer::arrayOffset (35 bytes)
Event: 0.349 Thread 0x0000022cedf0b000 nmethod 329 0x0000022cd7cb0190 code [0x0000022cd7cb0360, 0x0000022cd7cb05d8]

GC Heap History (0 events):
No events

Deoptimization events (8 events):
Event: 0.164 Thread 0x0000022ccd748000 Uncommon trap: trap_request=0xffffff4d fr.pc=0x0000022cdf187d28 relative=0x0000000000000188
Event: 0.164 Thread 0x0000022ccd748000 Uncommon trap: reason=unstable_if action=reinterpret pc=0x0000022cdf187d28 method=java.lang.String.hashCode()I @ 22 c2
Event: 0.164 Thread 0x0000022ccd748000 DEOPT PACKING pc=0x0000022cdf187d28 sp=0x000000995b7feab0
Event: 0.164 Thread 0x0000022ccd748000 DEOPT UNPACKING pc=0x0000022cd770a1af sp=0x000000995b7fea38 mode 2
Event: 0.166 Thread 0x0000022ccd748000 Uncommon trap: trap_request=0xffffff4d fr.pc=0x0000022cdf18b398 relative=0x0000000000000178
Event: 0.166 Thread 0x0000022ccd748000 Uncommon trap: reason=unstable_if action=reinterpret pc=0x0000022cdf18b398 method=java.lang.String.equals(Ljava/lang/Object;)Z @ 27 c2
Event: 0.166 Thread 0x0000022ccd748000 DEOPT PACKING pc=0x0000022cdf18b398 sp=0x000000995b7feb90
Event: 0.166 Thread 0x0000022ccd748000 DEOPT UNPACKING pc=0x0000022cd770a1af sp=0x000000995b7feb30 mode 2

Classes redefined (0 events):
No events

Internal exceptions (2 events):
Event: 0.345 Thread 0x0000022ccd748000 Exception <a 'java/io/FileNotFoundException'{0x00000000889cea60}> (0x00000000889cea60) thrown at [s\src\hotspot\share\prims\jni.cpp, line 617]
Event: 0.347 Thread 0x0000022ccd748000 Exception <a 'java/lang/reflect/InvocationTargetException'{0x00000000889d4d70}> (0x00000000889d4d70) thrown at [s\src\hotspot\share\runtime\reflection.cpp, line 1245]

Events (20 events):
Event: 0.341 loading class org/jacoco/agent/rt/internal_43f5073/Agent$2
Event: 0.341 loading class org/jacoco/agent/rt/internal_43f5073/Agent$2 done
Event: 0.342 loading class java/lang/NoSuchFieldError
Event: 0.342 loading class java/lang/IncompatibleClassChangeError
Event: 0.342 loading class java/lang/IncompatibleClassChangeError done
Event: 0.342 loading class java/lang/NoSuchFieldError done
Event: 0.342 loading class org/jacoco/agent/rt/internal_43f5073/output/FileOutput
Event: 0.342 loading class org/jacoco/agent/rt/internal_43f5073/output/FileOutput done
Event: 0.345 loading class java/io/FileNotFoundException
Event: 0.345 loading class java/io/FileNotFoundException done
Event: 0.345 Executing VM operation: Deoptimize
Event: 0.345 Executing VM operation: Deoptimize done
Event: 0.345 loading class java/lang/Throwable$WrappedPrintStream
Event: 0.345 loading class java/lang/Throwable$PrintStreamOrWriter
Event: 0.345 loading class java/lang/Throwable$PrintStreamOrWriter done
Event: 0.345 loading class java/lang/Throwable$WrappedPrintStream done
Event: 0.346 loading class java/lang/StackTraceElement$HashedModules
Event: 0.346 loading class java/lang/StackTraceElement$HashedModules done
Event: 0.347 loading class java/lang/reflect/InvocationTargetException
Event: 0.347 loading class java/lang/reflect/InvocationTargetException done


Dynamic libraries:
0x00007ff636340000 - 0x00007ff63634e000 	C:\Users\Степан\.jdks\corretto-11.0.23\bin\java.exe
0x00007ffeffab0000 - 0x00007ffeffca8000 	C:\WINDOWS\SYSTEM32\ntdll.dll
0x00007ffefe030000 - 0x00007ffefe0ed000 	C:\WINDOWS\System32\KERNEL32.DLL
0x00007ffefd740000 - 0x00007ffefda36000 	C:\WINDOWS\System32\KERNELBASE.dll
0x00007ffefd4f0000 - 0x00007ffefd5f0000 	C:\WINDOWS\System32\ucrtbase.dll
0x00007ffef7690000 - 0x00007ffef76ab000 	C:\Users\Степан\.jdks\corretto-11.0.23\bin\VCRUNTIME140.dll
0x00007ffef7650000 - 0x00007ffef7667000 	C:\Users\Степан\.jdks\corretto-11.0.23\bin\jli.dll
0x00007ffefe5e0000 - 0x00007ffefe77f000 	C:\WINDOWS\System32\USER32.dll
0x00007ffefd710000 - 0x00007ffefd732000 	C:\WINDOWS\System32\win32u.dll
0x00007ffeebdd0000 - 0x00007ffeec06a000 	C:\WINDOWS\WinSxS\amd64_microsoft.windows.common-controls_6595b64144ccf1df_6.0.19041.4355_none_60b8b9eb71f62e16\COMCTL32.dll
0x00007ffefdf30000 - 0x00007ffefdf5b000 	C:\WINDOWS\System32\GDI32.dll
0x00007ffeff0e0000 - 0x00007ffeff17e000 	C:\WINDOWS\System32\msvcrt.dll
0x00007ffefd5f0000 - 0x00007ffefd707000 	C:\WINDOWS\System32\gdi32full.dll
0x00007ffefd2a0000 - 0x00007ffefd33d000 	C:\WINDOWS\System32\msvcp_win.dll
0x00007ffeff040000 - 0x00007ffeff072000 	C:\WINDOWS\System32\IMM32.DLL
0x00007ffef9db0000 - 0x00007ffef9dbc000 	C:\Users\Степан\.jdks\corretto-11.0.23\bin\vcruntime140_1.dll
0x00007ffef2b40000 - 0x00007ffef2bcd000 	C:\Users\Степан\.jdks\corretto-11.0.23\bin\msvcp140.dll
0x00007ffeb2dc0000 - 0x00007ffeb3984000 	C:\Users\Степан\.jdks\corretto-11.0.23\bin\server\jvm.dll
0x00007ffefdf80000 - 0x00007ffefe030000 	C:\WINDOWS\System32\ADVAPI32.dll
0x00007ffefe780000 - 0x00007ffefe820000 	C:\WINDOWS\System32\sechost.dll
0x00007ffeff1a0000 - 0x00007ffeff2c3000 	C:\WINDOWS\System32\RPCRT4.dll
0x00007ffefda40000 - 0x00007ffefda67000 	C:\WINDOWS\System32\bcrypt.dll
0x00007ffefdf70000 - 0x00007ffefdf78000 	C:\WINDOWS\System32\PSAPI.DLL
0x00007ffef5400000 - 0x00007ffef5409000 	C:\WINDOWS\SYSTEM32\WSOCK32.dll
0x00007ffef6060000 - 0x00007ffef6087000 	C:\WINDOWS\SYSTEM32\WINMM.dll
0x00007ffefe370000 - 0x00007ffefe3db000 	C:\WINDOWS\System32\WS2_32.dll
0x00007ffef5480000 - 0x00007ffef548a000 	C:\WINDOWS\SYSTEM32\VERSION.dll
0x00007ffefb010000 - 0x00007ffefb022000 	C:\WINDOWS\SYSTEM32\kernel.appcore.dll
0x00007ffef86d0000 - 0x00007ffef86e0000 	C:\Users\Степан\.jdks\corretto-11.0.23\bin\verify.dll
0x00007ffee21f0000 - 0x00007ffee23d4000 	C:\WINDOWS\SYSTEM32\DBGHELP.DLL
0x00007ffee21b0000 - 0x00007ffee21e4000 	C:\WINDOWS\SYSTEM32\dbgcore.DLL
0x00007ffefd340000 - 0x00007ffefd3c2000 	C:\WINDOWS\System32\bcryptPrimitives.dll
0x00007ffef7620000 - 0x00007ffef7648000 	C:\Users\Степан\.jdks\corretto-11.0.23\bin\java.dll
0x00007ffef75e0000 - 0x00007ffef75ea000 	C:\Users\Степан\.jdks\corretto-11.0.23\bin\jimage.dll
0x00007ffef6f40000 - 0x00007ffef6f4e000 	C:\Users\Степан\.jdks\corretto-11.0.23\bin\instrument.dll
0x00007ffef6f10000 - 0x00007ffef6f28000 	C:\Users\Степан\.jdks\corretto-11.0.23\bin\zip.dll
0x00007ffefe8d0000 - 0x00007ffeff03b000 	C:\WINDOWS\System32\SHELL32.dll
0x00007ffefb2f0000 - 0x00007ffefba8d000 	C:\WINDOWS\SYSTEM32\windows.storage.dll
0x00007ffefdbd0000 - 0x00007ffefdf23000 	C:\WINDOWS\System32\combase.dll
0x00007ffefcba0000 - 0x00007ffefcbce000 	C:\WINDOWS\SYSTEM32\Wldp.dll
0x00007ffefe510000 - 0x00007ffefe5dd000 	C:\WINDOWS\System32\OLEAUT32.dll
0x00007ffefe820000 - 0x00007ffefe8cd000 	C:\WINDOWS\System32\SHCORE.dll
0x00007ffefe230000 - 0x00007ffefe285000 	C:\WINDOWS\System32\shlwapi.dll
0x00007ffefd180000 - 0x00007ffefd1a4000 	C:\WINDOWS\SYSTEM32\profapi.dll
0x00007ffef2c40000 - 0x00007ffef2c59000 	C:\Users\Степан\.jdks\corretto-11.0.23\bin\net.dll
0x00007ffef61a0000 - 0x00007ffef62aa000 	C:\WINDOWS\SYSTEM32\WINHTTP.dll
0x00007ffefc900000 - 0x00007ffefc96a000 	C:\WINDOWS\system32\mswsock.dll
0x00007ffef2c20000 - 0x00007ffef2c32000 	C:\Users\Степан\.jdks\corretto-11.0.23\bin\nio.dll
0x00007ffefab10000 - 0x00007ffefab27000 	C:\WINDOWS\system32\napinsp.dll
0x00007ffefaaf0000 - 0x00007ffefab0b000 	C:\WINDOWS\system32\pnrpnsp.dll
0x00007ffedd930000 - 0x00007ffedd945000 	C:\WINDOWS\system32\wshbth.dll
0x00007ffef8b20000 - 0x00007ffef8b3d000 	C:\WINDOWS\system32\NLAapi.dll
0x00007ffefc5e0000 - 0x00007ffefc61b000 	C:\WINDOWS\SYSTEM32\IPHLPAPI.DLL
0x00007ffefc620000 - 0x00007ffefc6eb000 	C:\WINDOWS\SYSTEM32\DNSAPI.dll
0x00007ffefe220000 - 0x00007ffefe228000 	C:\WINDOWS\System32\NSI.dll
0x00007ffefaaa0000 - 0x00007ffefaab2000 	C:\WINDOWS\System32\winrnr.dll
0x00007ffef5c30000 - 0x00007ffef5c3a000 	C:\Windows\System32\rasadhlp.dll
0x00007ffef68c0000 - 0x00007ffef6940000 	C:\WINDOWS\System32\fwpuclnt.dll

dbghelp: loaded successfully - version: 4.0.5 - missing functions: none
symbol engine: initialized successfully - sym options: 0x614 - pdb path: .;C:\Users\Степан\.jdks\corretto-11.0.23\bin;C:\WINDOWS\SYSTEM32;C:\WINDOWS\WinSxS\amd64_microsoft.windows.common-controls_6595b64144ccf1df_6.0.19041.4355_none_60b8b9eb71f62e16;C:\Users\Степан\.jdks\corretto-11.0.23\bin\server

VM Arguments:
jvm_args: -javaagent:C:\\Users\\Степан\\.m2\\repository\\org\\jacoco\\org.jacoco.agent\\0.8.5\\org.jacoco.agent-0.8.5-runtime.jar=destfile=C:\\Users\\Степан\\IdeaProjects\\ProcesNeprerIntegraci\\target\\jacoco.exec 
java_command: C:\Users\4689~1\AppData\Local\Temp\surefire8482955185050458946\surefirebooter11488943917249604528.jar C:\Users\Степан\AppData\Local\Temp\surefire8482955185050458946 2024-05-17T18-02-08_292-jvmRun1 surefire4454797495325573761tmp surefire_04774008385494867772tmp
java_class_path (initial): C:\Users\4689~1\AppData\Local\Temp\surefire8482955185050458946\surefirebooter11488943917249604528.jar
Launcher Type: SUN_STANDARD

[Global flags]
     intx CICompilerCount                          = 3                                         {product} {ergonomic}
     uint ConcGCThreads                            = 1                                         {product} {ergonomic}
     uint G1ConcRefinementThreads                  = 4                                         {product} {ergonomic}
   size_t G1HeapRegionSize                         = 1048576                                   {product} {ergonomic}
    uintx GCDrainStackTargetSize                   = 64                                        {product} {ergonomic}
   size_t InitialHeapSize                          = 134217728                                 {product} {ergonomic}
   size_t MarkStackSize                            = 4194304                                   {product} {ergonomic}
   size_t MaxHeapSize                              = 2134900736                                {product} {ergonomic}
   size_t MaxNewSize                               = 1280311296                                {product} {ergonomic}
   size_t MinHeapDeltaBytes                        = 1048576                                   {product} {ergonomic}
    uintx NonNMethodCodeHeapSize                   = 5830732                                {pd product} {ergonomic}
    uintx NonProfiledCodeHeapSize                  = 122913754                              {pd product} {ergonomic}
    uintx ProfiledCodeHeapSize                     = 122913754                              {pd product} {ergonomic}
    uintx ReservedCodeCacheSize                    = 251658240                              {pd product} {ergonomic}
     bool SegmentedCodeCache                       = true                                      {product} {ergonomic}
     bool UseCompressedClassPointers               = true                                 {lp64_product} {ergonomic}
     bool UseCompressedOops                        = true                                 {lp64_product} {ergonomic}
     bool UseG1GC                                  = true                                      {product} {ergonomic}
     bool UseLargePagesIndividualAllocation        = false                                  {pd product} {ergonomic}

Logging:
Log output configuration:
 #0: stdout all=warning uptime,level,tags
 #1: stderr all=off uptime,level,tags

Environment Variables:
PATH=C:\Program Files\Eclipse Adoptium\jdk-11.0.22.7-hotspot\bin;C:\Program Files (x86)\Intel\iCLS Client\;C:\Program Files\Intel\iCLS Client\;C:\WINDOWS\system32;C:\WINDOWS;C:\WINDOWS\System32\Wbem;C:\WINDOWS\System32\WindowsPowerShell\v1.0\;C:\Program Files (x86)\EgisTec MyWinLocker\x64;C:\Program Files (x86)\EgisTec MyWinLocker\;C:\Program Files\Intel\Intel(R) Management Engine Components\DAL;C:\Program Files\Intel\Intel(R) Management Engine Components\IPT;C:\Program Files (x86)\Intel\Intel(R) Management Engine Components\DAL;C:\Program Files (x86)\Intel\Intel(R) Management Engine Components\IPT;C:\Program Files (x86)\NVIDIA Corporation\PhysX\Common;C:\Program Files\dotnet\;C:\WINDOWS\system32;C:\WINDOWS;C:\WINDOWS\System32\Wbem;C:\WINDOWS\System32\WindowsPowerShell\v1.0\;C:\WINDOWS\System32\OpenSSH\;C:\Program Files\Git\cmd;C:\Users\Степан\AppData\Local\Programs\Python\Python312\Scripts\;C:\Users\Степан\AppData\Local\Programs\Python\Python312\;C:\Users\Степан\AppData\Local\Microsoft\WindowsApps;C:\Users\Степан\AppData\Local\Programs\Microsoft VS Code\bin
USERNAME=Степан
OS=Windows_NT
PROCESSOR_IDENTIFIER=Intel64 Family 6 Model 58 Stepping 9, GenuineIntel
TMP=C:\Users\4689~1\AppData\Local\Temp
TEMP=C:\Users\4689~1\AppData\Local\Temp



---------------  S Y S T E M  ---------------

OS: Windows 10 , 64 bit Build 19041 (10.0.19041.3636)
OS uptime: 0 days 2:31 hours

CPU:total 4 (initial active 4) (2 cores per cpu, 2 threads per core) family 6 model 58 stepping 9 microcode 0x21, cmov, cx8, fxsr, mmx, sse, sse2, sse3, ssse3, sse4.1, sse4.2, popcnt, avx, clmul, erms, ht, tsc, tscinvbit, tscinv

Memory: 4k page, system-wide physical 8140M (2347M free)
TotalPageFile size 12492M (AvailPageFile size 5333M)
current process WorkingSet (physical memory assigned to process): 40M, peak: 40M
current process commit charge ("private bytes"): 199M, peak: 199M

vm_info: OpenJDK 64-Bit Server VM (11.0.23+9-LTS) for windows-amd64 JRE (11.0.23+9-LTS), built on Apr 10 2024 18:40:41 by "Administrator" with MS VC++ 16.10 / 16.11 (VS2019)

END.
